Arguments: 
  /home/nwaltz/.nvm/versions/node/v20.1.0/bin/node /usr/share/yarn/bin/yarn.js add list

PATH: 
  /home/nwaltz/.nix-profile/bin:/nix/var/nix/profiles/default/bin:/home/nwaltz/.nvm/versions/node/v20.1.0/bin:/home/nwaltz/.cabal/bin:/home/nwaltz/.ghcup/bin:/home/nwaltz/.nix-profile/bin:/nix/var/nix/profiles/default/bin:/home/nwaltz/.cargo/bin:/home/nwaltz/.local/bin:/home/nwaltz/bin:/home/nwaltz/.nix-profile/bin:/nix/var/nix/profiles/default/bin:/usr/local/sbin:/usr/local/bin:/usr/sbin:/usr/bin:/sbin:/bin:/usr/games:/usr/local/games:/snap/bin:/home/nwaltz/bin:/home/nwaltz/.idris2/bin:/usr/local/go/bin:/home/nwaltz/bin:/home/nwaltz/.idris2/bin:/usr/local/go/bin

Yarn version: 
  1.22.19

Node version: 
  20.1.0

Platform: 
  linux x64

Trace: 
  Error [ERR_SOCKET_CONNECTION_TIMEOUT]: Socket connection timeout
      at new NodeError (node:internal/errors:399:5)
      at internalConnectMultiple (node:net:1099:20)
      at Timeout.internalConnectMultipleTimeout (node:net:1638:3)
      at listOnTimeout (node:internal/timers:575:11)
      at process.processTimers (node:internal/timers:514:7)

npm manifest: 
  {
    "name": "purescript-rrb-list",
    "version": "0.1.0",
    "description": "",
    "main": "index.js",
    "directories": {
      "test": "test"
    },
    "scripts": {
      "test": "spago test",
      "build": "spago build"
    },
    "author": "Gabe Johnson",
    "contributors": ["Nathan Waltz <waltznr@gmail.com>"],
    "license": "MIT",
    "dependencies": {
    },
    "private": true
  }

yarn manifest: 
  No manifest

Lockfile: 
  No lockfile
